0 info it worked if it ends with ok
1 verbose cli [ '/usr/local/bin/node', '/usr/local/bin/npm', 'run', 'watch-js' ]
2 info using npm@3.8.6
3 info using node@v6.1.0
4 verbose run-script [ 'prewatch-js', 'watch-js', 'postwatch-js' ]
5 info lifecycle musicbrowserify@1.0.0~prewatch-js: musicbrowserify@1.0.0
6 silly lifecycle musicbrowserify@1.0.0~prewatch-js: no script for prewatch-js, continuing
7 info lifecycle musicbrowserify@1.0.0~watch-js: musicbrowserify@1.0.0
8 verbose lifecycle musicbrowserify@1.0.0~watch-js: unsafe-perm in lifecycle true
9 verbose lifecycle musicbrowserify@1.0.0~watch-js: PATH: /usr/local/lib/node_modules/npm/bin/node-gyp-bin:/Users/dave/workspace/exercises/musicBrowserify/node_modules/.bin:/usr/local/bin:/usr/local/bin:/usr/bin:/usr/sbin:/bin:/sbin
10 verbose lifecycle musicbrowserify@1.0.0~watch-js: CWD: /Users/dave/workspace/exercises/musicBrowserify
11 silly lifecycle musicbrowserify@1.0.0~watch-js: Args: [ '-c',
11 silly lifecycle   'watchify -t [ hbsfy jadeify ] js/index.js -o js/bundle.js -v' ]
12 silly lifecycle musicbrowserify@1.0.0~watch-js: Returned: code: 1  signal: null
13 info lifecycle musicbrowserify@1.0.0~watch-js: Failed to exec watch-js script
14 verbose stack Error: musicbrowserify@1.0.0 watch-js: `watchify -t [ hbsfy jadeify ] js/index.js -o js/bundle.js -v`
14 verbose stack Exit status 1
14 verbose stack     at EventEmitter.<anonymous> (/usr/local/lib/node_modules/npm/lib/utils/lifecycle.js:239:16)
14 verbose stack     at emitTwo (events.js:106:13)
14 verbose stack     at EventEmitter.emit (events.js:191:7)
14 verbose stack     at ChildProcess.<anonymous> (/usr/local/lib/node_modules/npm/lib/utils/spawn.js:24:14)
14 verbose stack     at emitTwo (events.js:106:13)
14 verbose stack     at ChildProcess.emit (events.js:191:7)
14 verbose stack     at maybeClose (internal/child_process.js:850:16)
14 verbose stack     at Process.ChildProcess._handle.onexit (internal/child_process.js:215:5)
15 verbose pkgid musicbrowserify@1.0.0
16 verbose cwd /Users/dave/workspace/exercises/musicBrowserify
17 error Darwin 15.3.0
18 error argv "/usr/local/bin/node" "/usr/local/bin/npm" "run" "watch-js"
19 error node v6.1.0
20 error npm  v3.8.6
21 error code ELIFECYCLE
22 error musicbrowserify@1.0.0 watch-js: `watchify -t [ hbsfy jadeify ] js/index.js -o js/bundle.js -v`
22 error Exit status 1
23 error Failed at the musicbrowserify@1.0.0 watch-js script 'watchify -t [ hbsfy jadeify ] js/index.js -o js/bundle.js -v'.
23 error Make sure you have the latest version of node.js and npm installed.
23 error If you do, this is most likely a problem with the musicbrowserify package,
23 error not with npm itself.
23 error Tell the author that this fails on your system:
23 error     watchify -t [ hbsfy jadeify ] js/index.js -o js/bundle.js -v
23 error You can get information on how to open an issue for this project with:
23 error     npm bugs musicbrowserify
23 error Or if that isn't available, you can get their info via:
23 error     npm owner ls musicbrowserify
23 error There is likely additional logging output above.
24 verbose exit [ 1, true ]
